TN:
SF:src/main.ts
FN:9,bootstrap
FNF:1
FNH:0
FNDA:0,bootstrap
DA:1,0
DA:2,0
DA:3,0
DA:4,0
DA:5,0
DA:6,0
DA:7,0
DA:10,0
DA:11,0
DA:14,0
DA:17,0
DA:33,0
DA:42,0
DA:51,0
DA:54,0
DA:70,0
DA:71,0
DA:74,0
DA:76,0
DA:77,0
DA:79,0
DA:80,0
DA:81,0
DA:84,0
LF:24
LH:0
BRDA:34,0,0,0
BRDA:34,0,1,0
BRDA:77,1,0,0
BRDA:77,1,1,0
BRF:4
BRH:0
end_of_record
TN:
SF:src/auth/auth.controller.ts
FN:15,(anonymous_4)
FN:23,(anonymous_5)
FN:33,(anonymous_6)
FNF:3
FNH:0
FNDA:0,(anonymous_4)
FNDA:0,(anonymous_5)
FNDA:0,(anonymous_6)
DA:1,0
DA:8,0
DA:9,0
DA:10,0
DA:14,0
DA:15,0
DA:23,0
DA:24,0
DA:25,0
DA:33,0
DA:45,0
LF:11
LH:0
BRDA:15,0,0,0
BRDA:15,0,1,0
BRDA:15,1,0,0
BRDA:15,1,1,0
BRF:4
BRH:0
end_of_record
TN:
SF:src/auth/auth.service.ts
FN:8,(anonymous_2)
FN:13,(anonymous_3)
FN:38,(anonymous_4)
FN:68,(anonymous_5)
FN:80,(anonymous_6)
FNF:5
FNH:0
FNDA:0,(anonymous_2)
FNDA:0,(anonymous_3)
FNDA:0,(anonymous_4)
FNDA:0,(anonymous_5)
FNDA:0,(anonymous_6)
DA:1,0
DA:2,0
DA:3,0
DA:4,0
DA:7,0
DA:9,0
DA:10,0
DA:14,0
DA:19,0
DA:20,0
DA:23,0
DA:24,0
DA:25,0
DA:29,0
DA:34,0
DA:35,0
DA:39,0
DA:47,0
DA:77,0
DA:80,0
DA:81,0
DA:93,0
DA:105,0
DA:108,0
LF:24
LH:0
BRDA:19,0,0,0
BRDA:19,1,0,0
BRDA:19,1,1,0
BRDA:24,2,0,0
BRDA:9,3,0,0
BRDA:9,3,1,0
BRDA:9,4,0,0
BRDA:9,4,1,0
BRDA:9,5,0,0
BRDA:9,5,1,0
BRDA:9,6,0,0
BRDA:9,6,1,0
BRF:12
BRH:0
end_of_record
TN:
SF:src/auth/strategies/jwt.strategy.ts
FN:8,(anonymous_2)
FN:16,(anonymous_3)
FNF:2
FNH:0
FNDA:0,(anonymous_2)
FNDA:0,(anonymous_3)
DA:1,0
DA:2,0
DA:3,0
DA:4,0
DA:7,0
DA:8,0
DA:9,0
DA:17,0
LF:8
LH:0
BRDA:8,0,0,0
BRDA:8,0,1,0
BRDA:8,1,0,0
BRDA:8,1,1,0
BRF:4
BRH:0
end_of_record
TN:
SF:src/auth/strategies/local.strategy.ts
FN:8,(anonymous_2)
FN:12,(anonymous_3)
FNF:2
FNH:0
FNDA:0,(anonymous_2)
FNDA:0,(anonymous_3)
DA:1,0
DA:2,0
DA:3,0
DA:4,0
DA:7,0
DA:8,0
DA:9,0
DA:13,0
DA:14,0
DA:15,0
DA:17,0
LF:11
LH:0
BRDA:14,0,0,0
BRDA:8,1,0,0
BRDA:8,1,1,0
BRDA:8,2,0,0
BRDA:8,2,1,0
BRF:5
BRH:0
end_of_record
TN:
SF:src/common/prisma.service.ts
FN:4,(anonymous_1)
FNF:1
FNH:1
FNDA:1,(anonymous_1)
DA:1,1
DA:2,1
DA:4,1
DA:5,1
DA:15,1
DA:17,1
DA:19,1
DA:26,1
LF:8
LH:8
BRDA:6,0,0,0
BRDA:6,0,1,1
BRDA:15,1,0,1
BRDA:15,1,1,1
BRDA:17,2,0,1
BRF:5
BRH:4
end_of_record
TN:
SF:src/common/prisma.ts
FN:3,(anonymous_0)
FNF:1
FNH:0
FNDA:0,(anonymous_0)
DA:1,0
DA:3,0
DA:4,0
DA:14,0
DA:16,0
DA:18,0
LF:6
LH:0
BRDA:5,0,0,0
BRDA:5,0,1,0
BRDA:14,1,0,0
BRDA:14,1,1,0
BRDA:16,2,0,0
BRF:5
BRH:0
end_of_record
TN:
SF:src/common/decorators/public.decorator.ts
FN:4,(anonymous_0)
FNF:1
FNH:0
FNDA:0,(anonymous_0)
DA:1,0
DA:3,0
DA:4,0
LF:3
LH:0
BRF:0
BRH:0
end_of_record
TN:
SF:src/common/filters/all-exceptions.filter.ts
FN:13,(anonymous_1)
FN:16,(anonymous_2)
FNF:2
FNH:0
FNDA:0,(anonymous_1)
FNDA:0,(anonymous_2)
DA:1,0
DA:10,0
DA:13,0
DA:14,0
DA:17,0
DA:18,0
DA:19,0
DA:21,0
DA:22,0
DA:23,0
DA:25,0
DA:26,0
DA:27,0
DA:29,0
DA:30,0
DA:31,0
DA:32,0
DA:33,0
DA:36,0
DA:38,0
DA:40,0
DA:41,0
DA:43,0
DA:45,0
DA:46,0
DA:47,0
DA:49,0
DA:50,0
DA:51,0
DA:52,0
DA:54,0
DA:55,0
DA:56,0
DA:58,0
DA:61,0
DA:62,0
DA:63,0
DA:64,0
DA:67,0
LF:39
LH:0
BRDA:25,0,0,0
BRDA:25,0,1,0
BRDA:29,1,0,0
BRDA:29,1,1,0
BRDA:31,2,0,0
BRDA:31,3,0,0
BRDA:31,3,1,0
BRDA:33,4,0,0
BRDA:33,4,1,0
BRDA:35,5,0,0
BRDA:35,5,1,0
BRDA:36,6,0,0
BRDA:36,6,1,0
BRDA:38,7,0,0
BRDA:38,7,1,0
BRDA:43,8,0,0
BRDA:43,8,1,0
BRDA:43,8,2,0
BRDA:43,8,3,0
BRDA:62,9,0,0
BRF:20
BRH:0
end_of_record
TN:
SF:src/common/filters/index.ts
FNF:0
FNH:0
DA:1,0
LF:1
LH:0
BRF:0
BRH:0
end_of_record
TN:
SF:src/common/guards/jwt-auth.guard.ts
FN:6,(anonymous_1)
FNF:1
FNH:0
FNDA:0,(anonymous_1)
DA:1,0
DA:2,0
DA:5,0
DA:7,0
LF:4
LH:0
BRF:0
BRH:0
end_of_record
TN:
SF:src/common/guards/tenant.guard.ts
FN:14,(anonymous_2)
FN:20,(anonymous_3)
FN:53,(anonymous_4)
FNF:3
FNH:0
FNDA:0,(anonymous_2)
FNDA:0,(anonymous_3)
FNDA:0,(anonymous_4)
DA:1,0
DA:7,0
DA:8,0
DA:9,0
DA:13,0
DA:15,0
DA:16,0
DA:17,0
DA:21,0
DA:26,0
DA:27,0
DA:30,0
DA:31,0
DA:33,0
DA:34,0
DA:37,0
DA:38,0
DA:43,0
DA:44,0
DA:45,0
DA:47,0
DA:50,0
DA:54,0
DA:55,0
LF:24
LH:0
BRDA:26,0,0,0
BRDA:33,1,0,0
BRDA:54,2,0,0
BRDA:54,2,1,0
BRDA:55,3,0,0
BRDA:55,3,1,0
BRDA:15,4,0,0
BRDA:15,4,1,0
BRDA:15,5,0,0
BRDA:15,5,1,0
BRDA:15,6,0,0
BRDA:15,6,1,0
BRDA:15,7,0,0
BRDA:15,7,1,0
BRDA:16,8,0,0
BRDA:16,8,1,0
BRDA:16,9,0,0
BRDA:16,9,1,0
BRF:18
BRH:0
end_of_record
TN:
SF:src/expenses/expenses.controller.ts
FN:30,(anonymous_4)
FN:37,(anonymous_5)
FN:50,(anonymous_6)
FN:66,(anonymous_7)
FN:74,(anonymous_8)
FN:87,(anonymous_9)
FN:97,(anonymous_10)
FN:110,(anonymous_11)
FN:119,(anonymous_12)
FN:127,(anonymous_13)
FNF:10
FNH:0
FNDA:0,(anonymous_4)
FNDA:0,(anonymous_5)
FNDA:0,(anonymous_6)
FNDA:0,(anonymous_7)
FNDA:0,(anonymous_8)
FNDA:0,(anonymous_9)
FNDA:0,(anonymous_10)
FNDA:0,(anonymous_11)
FNDA:0,(anonymous_12)
FNDA:0,(anonymous_13)
DA:1,0
DA:13,0
DA:14,0
DA:15,0
DA:22,0
DA:23,0
DA:29,0
DA:30,0
DA:37,0
DA:38,0
DA:39,0
DA:40,0
DA:50,0
DA:51,0
DA:52,0
DA:54,0
DA:55,0
DA:56,0
DA:57,0
DA:59,0
DA:66,0
DA:67,0
DA:74,0
DA:79,0
DA:87,0
DA:88,0
DA:97,0
DA:102,0
DA:110,0
DA:111,0
DA:119,0
DA:120,0
DA:127,0
DA:132,0
LF:34
LH:0
BRDA:54,0,0,0
BRDA:55,1,0,0
BRDA:56,2,0,0
BRDA:57,3,0,0
BRDA:37,4,0,0
BRDA:37,4,1,0
BRDA:37,5,0,0
BRDA:37,5,1,0
BRDA:76,6,0,0
BRDA:76,6,1,0
BRDA:76,7,0,0
BRDA:76,7,1,0
BRDA:87,8,0,0
BRDA:87,8,1,0
BRDA:87,9,0,0
BRDA:87,9,1,0
BRDA:30,10,0,0
BRDA:30,10,1,0
BRDA:30,11,0,0
BRDA:30,11,1,0
BRF:20
BRH:0
end_of_record
TN:
SF:src/expenses/dto/index.ts
FNF:0
FNH:0
DA:1,0
LF:1
LH:0
BRF:0
BRH:0
end_of_record
TN:
SF:src/expenses/repositories/expense.repository.ts
FN:7,(anonymous_2)
FN:9,(anonymous_3)
FN:23,(anonymous_4)
FN:58,(anonymous_5)
FN:68,(anonymous_6)
FN:97,(anonymous_7)
FN:110,(anonymous_8)
FN:116,(anonymous_9)
FN:123,(anonymous_10)
FNF:9
FNH:0
FNDA:0,(anonymous_2)
FNDA:0,(anonymous_3)
FNDA:0,(anonymous_4)
FNDA:0,(anonymous_5)
FNDA:0,(anonymous_6)
FNDA:0,(anonymous_7)
FNDA:0,(anonymous_8)
FNDA:0,(anonymous_9)
FNDA:0,(anonymous_10)
DA:1,0
DA:2,0
DA:6,0
DA:7,0
DA:10,0
DA:29,0
DA:31,0
DA:32,0
DA:35,0
DA:36,0
DA:39,0
DA:40,0
DA:41,0
DA:42,0
DA:44,0
DA:45,0
DA:49,0
DA:59,0
DA:69,0
DA:73,0
DA:74,0
DA:78,0
DA:79,0
DA:80,0
DA:81,0
DA:83,0
DA:98,0
DA:111,0
DA:117,0
DA:129,0
DA:144,0
LF:31
LH:0
BRDA:13,0,0,0
BRDA:13,0,1,0
BRDA:14,1,0,0
BRDA:14,1,1,0
BRDA:31,2,0,0
BRDA:35,3,0,0
BRDA:39,4,0,0
BRDA:39,5,0,0
BRDA:39,5,1,0
BRDA:41,6,0,0
BRDA:44,7,0,0
BRDA:73,8,0,0
BRDA:78,9,0,0
BRDA:78,9,1,0
BRDA:79,10,0,0
BRDA:79,10,1,0
BRDA:144,11,0,0
BRDA:144,11,1,0
BRDA:7,12,0,0
BRDA:7,12,1,0
BRDA:7,13,0,0
BRDA:7,13,1,0
BRF:22
BRH:0
end_of_record
TN:
SF:src/expenses/services/expenses.service.ts
FN:11,(anonymous_2)
FN:16,(anonymous_3)
FN:65,(anonymous_4)
FN:77,(anonymous_5)
FN:85,(anonymous_6)
FN:131,(anonymous_7)
FN:145,(anonymous_8)
FN:183,(anonymous_9)
FN:197,(anonymous_10)
FN:216,(anonymous_11)
FN:268,(anonymous_12)
FN:292,(anonymous_13)
FN:300,(anonymous_14)
FN:329,(anonymous_15)
FN:456,(anonymous_16)
FNF:15
FNH:0
FNDA:0,(anonymous_2)
FNDA:0,(anonymous_3)
FNDA:0,(anonymous_4)
FNDA:0,(anonymous_5)
FNDA:0,(anonymous_6)
FNDA:0,(anonymous_7)
FNDA:0,(anonymous_8)
FNDA:0,(anonymous_9)
FNDA:0,(anonymous_10)
FNDA:0,(anonymous_11)
FNDA:0,(anonymous_12)
FNDA:0,(anonymous_13)
FNDA:0,(anonymous_14)
FNDA:0,(anonymous_15)
FNDA:0,(anonymous_16)
DA:1,0
DA:2,0
DA:4,0
DA:8,0
DA:9,0
DA:12,0
DA:13,0
DA:18,0
DA:22,0
DA:23,0
DA:27,0
DA:28,0
DA:29,0
DA:33,0
DA:34,0
DA:42,0
DA:43,0
DA:44,0
DA:48,0
DA:49,0
DA:56,0
DA:58,0
DA:74,0
DA:78,0
DA:79,0
DA:80,0
DA:82,0
DA:87,0
DA:88,0
DA:92,0
DA:93,0
DA:98,0
DA:99,0
DA:100,0
DA:104,0
DA:105,0
DA:113,0
DA:114,0
DA:115,0
DA:119,0
DA:120,0
DA:127,0
DA:128,0
DA:132,0
DA:133,0
DA:134,0
DA:137,0
DA:138,0
DA:141,0
DA:142,0
DA:146,0
DA:147,0
DA:148,0
DA:151,0
DA:152,0
DA:155,0
DA:156,0
DA:159,0
DA:162,0
DA:175,0
DA:176,0
DA:177,0
DA:180,0
DA:184,0
DA:185,0
DA:186,0
DA:190,0
DA:191,0
DA:194,0
DA:198,0
DA:199,0
DA:204,0
DA:215,0
DA:217,0
DA:225,0
DA:226,0
DA:227,0
DA:234,0
DA:244,0
DA:251,0
DA:257,0
DA:273,0
DA:275,0
DA:276,0
DA:277,0
DA:279,0
DA:286,0
DA:289,0
DA:297,0
DA:299,0
DA:301,0
DA:318,0
DA:326,0
DA:330,0
DA:331,0
DA:332,0
DA:335,0
DA:336,0
DA:340,0
DA:347,0
DA:348,0
DA:353,0
DA:354,0
DA:355,0
DA:356,0
DA:365,0
DA:366,0
DA:373,0
DA:374,0
DA:378,0
DA:383,0
DA:384,0
DA:387,0
DA:390,0
DA:391,0
DA:393,0
DA:434,0
DA:451,0
DA:453,0
DA:457,0
DA:463,0
DA:464,0
DA:466,0
DA:467,0
DA:470,0
DA:471,0
DA:473,0
LF:127
LH:0
BRDA:22,0,0,0
BRDA:22,1,0,0
BRDA:22,1,1,0
BRDA:27,2,0,0
BRDA:33,3,0,0
BRDA:33,4,0,0
BRDA:33,4,1,0
BRDA:42,5,0,0
BRDA:48,6,0,0
BRDA:48,7,0,0
BRDA:48,7,1,0
BRDA:79,8,0,0
BRDA:87,9,0,0
BRDA:92,10,0,0
BRDA:92,11,0,0
BRDA:92,11,1,0
BRDA:98,12,0,0
BRDA:104,13,0,0
BRDA:104,14,0,0
BRDA:104,14,1,0
BRDA:113,15,0,0
BRDA:119,16,0,0
BRDA:119,17,0,0
BRDA:119,17,1,0
BRDA:133,18,0,0
BRDA:137,19,0,0
BRDA:147,20,0,0
BRDA:151,21,0,0
BRDA:155,22,0,0
BRDA:166,23,0,0
BRDA:166,23,1,0
BRDA:175,24,0,0
BRDA:177,25,0,0
BRDA:177,25,1,0
BRDA:185,26,0,0
BRDA:190,27,0,0
BRDA:199,28,0,0
BRDA:199,28,1,0
BRDA:226,29,0,0
BRDA:320,30,0,0
BRDA:320,30,1,0
BRDA:321,31,0,0
BRDA:321,31,1,0
BRDA:331,32,0,0
BRDA:335,33,0,0
BRDA:347,34,0,0
BRDA:355,35,0,0
BRDA:365,36,0,0
BRDA:373,37,0,0
BRDA:373,37,1,0
BRDA:383,38,0,0
BRDA:383,39,0,0
BRDA:383,39,1,0
BRDA:390,40,0,0
BRDA:390,40,1,0
BRDA:391,41,0,0
BRDA:391,41,1,0
BRDA:399,42,0,0
BRDA:399,42,1,0
BRDA:400,43,0,0
BRDA:400,43,1,0
BRDA:466,44,0,0
BRDA:470,45,0,0
BRDA:470,45,1,0
BRDA:12,46,0,0
BRDA:12,46,1,0
BRDA:12,47,0,0
BRDA:12,47,1,0
BRDA:12,48,0,0
BRDA:12,48,1,0
BRDA:12,49,0,0
BRDA:12,49,1,0
BRF:72
BRH:0
end_of_record
TN:
SF:src/inventory/inventory.controller.ts
FNF:0
FNH:0
DA:1,0
DA:4,0
LF:2
LH:0
BRF:0
BRH:0
end_of_record
TN:
SF:src/inventory/inventory.service.ts
FNF:0
FNH:0
DA:1,1
DA:4,1
LF:2
LH:2
BRF:0
BRH:0
end_of_record
TN:
SF:src/sales/eta.processor.ts
FN:15,(anonymous_2)
FN:18,(anonymous_3)
FN:82,(anonymous_4)
FN:105,(anonymous_5)
FN:129,(anonymous_6)
FN:144,(anonymous_7)
FN:161,(anonymous_8)
FN:189,(anonymous_9)
FNF:8
FNH:0
FNDA:0,(anonymous_2)
FNDA:0,(anonymous_3)
FNDA:0,(anonymous_4)
FNDA:0,(anonymous_5)
FNDA:0,(anonymous_6)
FNDA:0,(anonymous_7)
FNDA:0,(anonymous_8)
FNDA:0,(anonymous_9)
DA:1,0
DA:2,0
DA:3,0
DA:4,0
DA:12,0
DA:13,0
DA:15,0
DA:18,0
DA:19,0
DA:21,0
DA:23,0
DA:24,0
DA:29,0
DA:30,0
DA:33,0
DA:34,0
DA:37,0
DA:41,0
DA:45,0
DA:48,0
DA:57,0
DA:61,0
DA:67,0
DA:69,0
DA:74,0
DA:83,0
DA:105,0
DA:130,0
DA:137,0
DA:157,0
DA:158,0
DA:161,0
DA:164,0
DA:192,0
LF:34
LH:0
BRDA:29,0,0,0
BRDA:33,1,0,0
BRDA:51,2,0,0
BRDA:51,2,1,0
BRDA:52,3,0,0
BRDA:52,3,1,0
BRDA:53,4,0,0
BRDA:53,4,1,0
BRDA:87,5,0,0
BRDA:87,5,1,0
BRDA:99,6,0,0
BRDA:99,6,1,0
BRDA:100,7,0,0
BRDA:100,7,1,0
BRDA:101,8,0,0
BRDA:101,8,1,0
BRDA:101,8,2,0
BRDA:102,9,0,0
BRDA:102,9,1,0
BRDA:107,10,0,0
BRDA:107,10,1,0
BRDA:108,11,0,0
BRDA:108,11,1,0
BRDA:108,11,2,0
BRDA:109,12,0,0
BRDA:109,12,1,0
BRDA:114,13,0,0
BRDA:114,13,1,0
BRDA:137,14,0,0
BRDA:137,14,1,0
BRDA:18,15,0,0
BRDA:18,15,1,0
BRDA:18,16,0,0
BRDA:18,16,1,0
BRDA:15,17,0,0
BRDA:15,17,1,0
BRDA:15,18,0,0
BRDA:15,18,1,0
BRF:38
BRH:0
end_of_record
TN:
SF:src/sales/sales.controller.ts
FN:11,(anonymous_4)
FN:20,(anonymous_5)
FN:31,(anonymous_6)
FN:39,(anonymous_7)
FN:50,(anonymous_8)
FN:60,(anonymous_9)
FN:74,(anonymous_10)
FN:81,(anonymous_11)
FN:101,(anonymous_12)
FN:115,(anonymous_13)
FNF:10
FNH:0
FNDA:0,(anonymous_4)
FNDA:0,(anonymous_5)
FNDA:0,(anonymous_6)
FNDA:0,(anonymous_7)
FNDA:0,(anonymous_8)
FNDA:0,(anonymous_9)
FNDA:0,(anonymous_10)
FNDA:0,(anonymous_11)
FNDA:0,(anonymous_12)
FNDA:0,(anonymous_13)
DA:1,0
DA:2,0
DA:3,0
DA:4,0
DA:10,0
DA:11,0
DA:20,0
DA:21,0
DA:31,0
DA:32,0
DA:39,0
DA:40,0
DA:44,0
DA:50,0
DA:51,0
DA:60,0
DA:65,0
DA:74,0
DA:75,0
DA:81,0
DA:91,0
DA:101,0
DA:106,0
DA:115,0
DA:116,0
LF:25
LH:0
BRDA:40,0,0,0
BRDA:40,0,1,0
BRDA:40,1,0,0
BRDA:40,1,1,0
BRDA:20,2,0,0
BRDA:20,2,1,0
BRDA:20,3,0,0
BRDA:20,3,1,0
BRDA:63,4,0,0
BRDA:63,4,1,0
BRDA:63,5,0,0
BRDA:63,5,1,0
BRDA:11,6,0,0
BRDA:11,6,1,0
BRDA:11,7,0,0
BRDA:11,7,1,0
BRF:16
BRH:0
end_of_record
TN:
SF:src/sales/sales.service.ts
FN:54,(anonymous_4)
FN:65,(anonymous_5)
FN:89,(anonymous_6)
FN:125,(anonymous_7)
FN:152,(anonymous_8)
FN:238,(anonymous_9)
FN:266,(anonymous_10)
FN:277,(anonymous_11)
FN:344,(anonymous_12)
FN:366,(anonymous_13)
FN:403,(anonymous_14)
FN:441,(anonymous_15)
FN:456,(anonymous_16)
FN:483,(anonymous_17)
FN:502,(anonymous_18)
FN:510,(anonymous_19)
FN:560,(anonymous_20)
FN:566,(anonymous_21)
FN:649,(anonymous_22)
FN:674,(anonymous_23)
FN:695,(anonymous_24)
FN:696,(anonymous_25)
FN:702,(anonymous_26)
FN:715,(anonymous_27)
FN:724,(anonymous_28)
FN:772,(anonymous_29)
FN:871,(anonymous_30)
FN:878,(anonymous_31)
FN:885,(anonymous_32)
FN:893,(anonymous_33)
FN:904,(anonymous_34)
FN:969,(anonymous_35)
FNF:32
FNH:12
FNDA:6,(anonymous_4)
FNDA:1,(anonymous_5)
FNDA:1,(anonymous_6)
FNDA:1,(anonymous_7)
FNDA:1,(anonymous_8)
FNDA:0,(anonymous_9)
FNDA:0,(anonymous_10)
FNDA:0,(anonymous_11)
FNDA:0,(anonymous_12)
FNDA:0,(anonymous_13)
FNDA:2,(anonymous_14)
FNDA:1,(anonymous_15)
FNDA:0,(anonymous_16)
FNDA:0,(anonymous_17)
FNDA:0,(anonymous_18)
FNDA:0,(anonymous_19)
FNDA:0,(anonymous_20)
FNDA:0,(anonymous_21)
FNDA:2,(anonymous_22)
FNDA:0,(anonymous_23)
FNDA:0,(anonymous_24)
FNDA:0,(anonymous_25)
FNDA:0,(anonymous_26)
FNDA:0,(anonymous_27)
FNDA:0,(anonymous_28)
FNDA:1,(anonymous_29)
FNDA:1,(anonymous_30)
FNDA:1,(anonymous_31)
FNDA:0,(anonymous_32)
FNDA:1,(anonymous_33)
FNDA:0,(anonymous_34)
FNDA:0,(anonymous_35)
DA:1,1
DA:2,1
DA:3,1
DA:4,1
DA:5,1
DA:51,1
DA:52,6
DA:55,6
DA:56,6
DA:57,6
DA:58,6
DA:59,6
DA:66,1
DA:70,1
DA:71,0
DA:75,1
DA:76,0
DA:80,1
DA:81,0
DA:85,1
DA:86,1
DA:87,1
DA:89,1
DA:90,1
DA:91,1
DA:92,1
DA:93,1
DA:94,1
DA:96,1
DA:97,1
DA:98,1
DA:100,1
DA:111,1
DA:114,1
DA:118,1
DA:119,1
DA:122,1
DA:125,1
DA:126,1
DA:151,1
DA:152,1
DA:160,1
DA:161,1
DA:162,1
DA:163,1
DA:167,1
DA:168,0
DA:186,0
DA:193,1
DA:201,1
DA:205,1
DA:217,1
DA:218,0
DA:231,1
DA:232,1
DA:239,0
DA:245,0
DA:252,0
DA:260,0
DA:277,0
DA:278,0
DA:282,0
DA:283,0
DA:286,0
DA:288,0
DA:290,0
DA:302,0
DA:311,0
DA:313,0
DA:317,0
DA:324,0
DA:328,0
DA:329,0
DA:338,0
DA:345,0
DA:350,0
DA:351,0
DA:354,0
DA:355,0
DA:361,0
DA:366,0
DA:379,0
DA:382,0
DA:391,0
DA:397,0
DA:413,2
DA:442,1
DA:446,1
DA:447,0
DA:450,1
DA:462,0
DA:467,0
DA:468,0
DA:471,0
DA:472,0
DA:478,0
DA:479,0
DA:480,0
DA:481,0
DA:483,0
DA:484,0
DA:485,0
DA:486,0
DA:487,0
DA:488,0
DA:490,0
DA:491,0
DA:492,0
DA:494,0
DA:500,0
DA:502,0
DA:504,0
DA:509,0
DA:510,0
DA:524,0
DA:543,0
DA:566,0
DA:567,0
DA:572,0
DA:573,0
DA:576,0
DA:577,0
DA:580,0
DA:581,0
DA:587,0
DA:588,0
DA:589,0
DA:590,0
DA:594,0
DA:596,0
DA:614,0
DA:627,0
DA:637,0
DA:643,0
DA:650,2
DA:675,0
DA:676,0
DA:677,0
DA:679,0
DA:693,0
DA:695,0
DA:696,0
DA:702,0
DA:703,0
DA:704,0
DA:705,0
DA:708,0
DA:717,0
DA:718,0
DA:731,0
DA:753,0
DA:757,0
DA:759,0
DA:785,1
DA:786,1
DA:791,1
DA:811,1
DA:812,1
DA:813,1
DA:816,1
DA:831,1
DA:832,1
DA:848,1
DA:849,1
DA:865,1
DA:872,1
DA:875,1
DA:879,1
DA:882,1
DA:887,0
DA:890,0
DA:895,1
DA:898,1
DA:910,0
DA:913,0
DA:929,0
DA:930,0
DA:933,0
DA:948,0
DA:963,0
DA:970,0
DA:973,0
LF:182
LH:72
BRDA:70,0,0,0
BRDA:75,1,0,0
BRDA:75,2,0,1
BRDA:75,2,1,0
BRDA:75,2,2,0
BRDA:80,3,0,0
BRDA:80,4,0,1
BRDA:80,4,1,0
BRDA:91,5,0,1
BRDA:91,5,1,1
BRDA:122,6,0,1
BRDA:122,6,1,1
BRDA:137,7,0,1
BRDA:137,7,1,0
BRDA:140,8,0,0
BRDA:140,8,1,1
BRDA:140,9,0,1
BRDA:140,9,1,0
BRDA:160,10,0,1
BRDA:160,11,0,1
BRDA:160,11,1,0
BRDA:162,12,0,1
BRDA:167,13,0,0
BRDA:167,14,0,1
BRDA:167,14,1,0
BRDA:217,15,0,0
BRDA:217,16,0,1
BRDA:217,16,1,0
BRDA:282,17,0,0
BRDA:288,18,0,0
BRDA:288,18,1,0
BRDA:328,19,0,0
BRDA:328,20,0,0
BRDA:328,20,1,0
BRDA:350,21,0,0
BRDA:354,22,0,0
BRDA:446,23,0,0
BRDA:467,24,0,0
BRDA:471,25,0,0
BRDA:478,26,0,0
BRDA:485,27,0,0
BRDA:485,27,1,0
BRDA:518,28,0,0
BRDA:518,28,1,0
BRDA:572,29,0,0
BRDA:576,30,0,0
BRDA:580,31,0,0
BRDA:587,32,0,0
BRDA:587,33,0,0
BRDA:587,33,1,0
BRDA:589,34,0,0
BRDA:594,35,0,0
BRDA:594,36,0,0
BRDA:594,36,1,0
BRDA:607,37,0,0
BRDA:607,37,1,0
BRDA:608,38,0,0
BRDA:608,38,1,0
BRDA:631,39,0,0
BRDA:631,39,1,0
BRDA:676,40,0,0
BRDA:676,40,1,0
BRDA:677,41,0,0
BRDA:677,41,1,0
BRDA:703,42,0,0
BRDA:703,42,1,0
BRDA:704,43,0,0
BRDA:704,43,1,0
BRDA:747,44,0,0
BRDA:747,44,1,0
BRDA:757,45,0,0
BRDA:757,46,0,0
BRDA:757,46,1,0
BRDA:786,47,0,0
BRDA:786,47,1,1
BRDA:787,48,0,0
BRDA:787,48,1,0
BRDA:787,48,2,0
BRDA:788,49,0,1
BRDA:788,49,1,1
BRDA:831,50,0,1
BRDA:848,51,0,1
BRDA:875,52,0,1
BRDA:875,52,1,0
BRDA:882,53,0,1
BRDA:882,53,1,0
BRDA:890,54,0,0
BRDA:890,54,1,0
BRDA:898,55,0,1
BRDA:898,55,1,0
BRDA:937,56,0,0
BRDA:937,56,1,0
BRDA:973,57,0,0
BRDA:973,57,1,0
BRDA:55,58,0,0
BRDA:55,58,1,1
BRDA:55,59,0,1
BRDA:55,59,1,0
BRDA:55,60,0,0
BRDA:55,60,1,1
BRDA:55,61,0,1
BRDA:55,61,1,0
BRDA:56,62,0,0
BRDA:56,62,1,1
BRDA:56,63,0,1
BRDA:56,63,1,0
BRDA:57,64,0,1
BRDA:57,64,1,0
BRDA:57,65,0,1
BRDA:57,65,1,1
BRDA:58,66,0,1
BRDA:58,66,1,0
BRDA:58,67,0,1
BRDA:58,67,1,1
BRF:114
BRH:34
end_of_record
TN:
SF:src/sales/dto/index.ts
FNF:0
FNH:0
DA:1,0
DA:2,0
LF:2
LH:0
BRF:0
BRH:0
end_of_record
TN:
SF:src/sync/sync.controller.ts
FN:10,(anonymous_4)
FN:17,(anonymous_5)
FN:26,(anonymous_6)
FNF:3
FNH:0
FNDA:0,(anonymous_4)
FNDA:0,(anonymous_5)
FNDA:0,(anonymous_6)
DA:1,0
DA:2,0
DA:3,0
DA:9,0
DA:10,0
DA:17,0
DA:18,0
DA:26,0
DA:30,0
DA:31,0
LF:10
LH:0
BRDA:30,0,0,0
BRDA:30,0,1,0
BRDA:17,1,0,0
BRDA:17,1,1,0
BRDA:17,2,0,0
BRDA:17,2,1,0
BRDA:10,3,0,0
BRDA:10,3,1,0
BRDA:10,4,0,0
BRDA:10,4,1,0
BRF:10
BRH:0
end_of_record
TN:
SF:src/sync/sync.processor.ts
FN:11,(anonymous_2)
FN:14,(anonymous_3)
FNF:2
FNH:0
FNDA:0,(anonymous_2)
FNDA:0,(anonymous_3)
DA:1,0
DA:2,0
DA:3,0
DA:4,0
DA:8,0
DA:9,0
DA:11,0
DA:14,0
DA:15,0
DA:17,0
DA:19,0
DA:20,0
DA:22,0
DA:23,0
DA:25,0
DA:28,0
DA:30,0
DA:31,0
LF:18
LH:0
BRDA:22,0,0,0
BRDA:22,0,1,0
BRDA:14,1,0,0
BRDA:14,1,1,0
BRDA:14,2,0,0
BRDA:14,2,1,0
BRDA:11,3,0,0
BRDA:11,3,1,0
BRDA:11,4,0,0
BRDA:11,4,1,0
BRF:10
BRH:0
end_of_record
TN:
SF:src/sync/sync.service.ts
FN:22,(anonymous_4)
FN:31,(anonymous_5)
FN:59,(anonymous_6)
FN:118,(anonymous_7)
FN:151,(anonymous_8)
FN:160,(anonymous_9)
FN:180,(anonymous_10)
FN:209,(anonymous_11)
FN:218,(anonymous_12)
FN:241,(anonymous_13)
FNF:10
FNH:0
FNDA:0,(anonymous_4)
FNDA:0,(anonymous_5)
FNDA:0,(anonymous_6)
FNDA:0,(anonymous_7)
FNDA:0,(anonymous_8)
FNDA:0,(anonymous_9)
FNDA:0,(anonymous_10)
FNDA:0,(anonymous_11)
FNDA:0,(anonymous_12)
FNDA:0,(anonymous_13)
DA:1,0
DA:2,0
DA:3,0
DA:4,0
DA:19,0
DA:20,0
DA:23,0
DA:24,0
DA:37,0
DA:40,0
DA:45,0
DA:46,0
DA:49,0
DA:51,0
DA:59,0
DA:60,0
DA:63,0
DA:64,0
DA:65,0
DA:66,0
DA:69,0
DA:82,0
DA:83,0
DA:89,0
DA:92,0
DA:108,0
DA:109,0
DA:112,0
DA:123,0
DA:126,0
DA:131,0
DA:132,0
DA:135,0
DA:136,0
DA:138,0
DA:140,0
DA:141,0
DA:143,0
DA:144,0
DA:146,0
DA:147,0
DA:154,0
DA:155,0
DA:156,0
DA:157,0
DA:167,0
DA:169,0
DA:172,0
DA:177,0
DA:188,0
DA:190,0
DA:191,0
DA:195,0
DA:196,0
DA:198,0
DA:200,0
DA:206,0
DA:215,0
DA:224,0
DA:225,0
DA:226,0
DA:227,0
DA:234,0
DA:242,0
DA:252,0
LF:65
LH:0
BRDA:45,0,0,0
BRDA:108,1,0,0
BRDA:131,2,0,0
BRDA:138,3,0,0
BRDA:138,3,1,0
BRDA:138,3,2,0
BRDA:154,4,0,0
BRDA:155,5,0,0
BRDA:156,6,0,0
BRDA:169,7,0,0
BRDA:190,8,0,0
BRDA:195,9,0,0
BRDA:195,9,1,0
BRDA:198,10,0,0
BRDA:226,11,0,0
BRDA:226,12,0,0
BRDA:226,12,1,0
BRDA:226,12,2,0
BRDA:245,13,0,0
BRDA:245,13,1,0
BRDA:23,14,0,0
BRDA:23,14,1,0
BRDA:23,15,0,0
BRDA:23,15,1,0
BRDA:23,16,0,0
BRDA:23,16,1,0
BRDA:23,17,0,0
BRDA:23,17,1,0
BRF:28
BRH:0
end_of_record
TN:
SF:src/tenant/tenant.controller.ts
FN:9,(anonymous_4)
FN:13,(anonymous_5)
FN:19,(anonymous_6)
FN:25,(anonymous_7)
FNF:4
FNH:0
FNDA:0,(anonymous_4)
FNDA:0,(anonymous_5)
FNDA:0,(anonymous_6)
FNDA:0,(anonymous_7)
DA:1,0
DA:2,0
DA:3,0
DA:8,0
DA:9,0
DA:13,0
DA:14,0
DA:19,0
DA:20,0
DA:25,0
DA:26,0
LF:11
LH:0
BRDA:9,0,0,0
BRDA:9,0,1,0
BRDA:9,1,0,0
BRDA:9,1,1,0
BRF:4
BRH:0
end_of_record
TN:
SF:src/tenant/tenant.service.ts
FN:6,(anonymous_2)
FN:8,(anonymous_3)
FN:23,(anonymous_4)
FN:47,(anonymous_5)
FNF:4
FNH:0
FNDA:0,(anonymous_2)
FNDA:0,(anonymous_3)
FNDA:0,(anonymous_4)
FNDA:0,(anonymous_5)
DA:1,0
DA:2,0
DA:5,0
DA:6,0
DA:9,0
DA:24,0
DA:40,0
DA:41,0
DA:44,0
DA:48,0
LF:10
LH:0
BRDA:40,0,0,0
BRDA:6,1,0,0
BRDA:6,1,1,0
BRDA:6,2,0,0
BRDA:6,2,1,0
BRF:5
BRH:0
end_of_record
TN:
SF:src/webhook/webhook.controller.ts
FN:17,(anonymous_4)
FN:21,(anonymous_5)
FN:27,(anonymous_6)
FN:34,(anonymous_7)
FN:41,(anonymous_8)
FNF:5
FNH:0
FNDA:0,(anonymous_4)
FNDA:0,(anonymous_5)
FNDA:0,(anonymous_6)
FNDA:0,(anonymous_7)
FNDA:0,(anonymous_8)
DA:1,0
DA:10,0
DA:11,0
DA:16,0
DA:17,0
DA:21,0
DA:22,0
DA:27,0
DA:28,0
DA:29,0
DA:34,0
DA:35,0
DA:36,0
DA:41,0
DA:42,0
DA:43,0
LF:16
LH:0
BRDA:17,0,0,0
BRDA:17,0,1,0
BRDA:17,1,0,0
BRDA:17,1,1,0
BRF:4
BRH:0
end_of_record
TN:
SF:src/webhook/webhook.processor.ts
FN:8,(anonymous_2)
FN:12,(anonymous_3)
FN:21,(anonymous_4)
FN:41,(anonymous_5)
FNF:4
FNH:0
FNDA:0,(anonymous_2)
FNDA:0,(anonymous_3)
FNDA:0,(anonymous_4)
FNDA:0,(anonymous_5)
DA:1,0
DA:2,0
DA:3,0
DA:4,0
DA:8,0
DA:9,0
DA:12,0
DA:13,0
DA:15,0
DA:17,0
DA:18,0
DA:21,0
DA:24,0
DA:25,0
DA:26,0
DA:28,0
DA:29,0
DA:32,0
DA:33,0
DA:41,0
DA:42,0
DA:44,0
DA:46,0
DA:48,0
DA:50,0
DA:54,0
DA:57,0
DA:61,0
DA:64,0
DA:65,0
DA:70,0
DA:73,0
LF:32
LH:0
BRDA:24,0,0,0
BRDA:24,0,1,0
BRDA:24,1,0,0
BRDA:24,1,1,0
BRDA:48,2,0,0
BRDA:48,2,1,0
BRDA:48,2,2,0
BRDA:12,3,0,0
BRDA:12,3,1,0
BRDA:12,4,0,0
BRDA:12,4,1,0
BRDA:41,5,0,0
BRDA:41,5,1,0
BRDA:41,6,0,0
BRDA:41,6,1,0
BRF:15
BRH:0
end_of_record
TN:
SF:src/webhook/webhook.service.ts
FN:17,(anonymous_4)
FN:26,(anonymous_5)
FN:66,(anonymous_6)
FN:76,(anonymous_7)
FN:104,(anonymous_8)
FN:120,(anonymous_9)
FN:129,(anonymous_10)
FNF:7
FNH:0
FNDA:0,(anonymous_4)
FNDA:0,(anonymous_5)
FNDA:0,(anonymous_6)
FNDA:0,(anonymous_7)
FNDA:0,(anonymous_8)
FNDA:0,(anonymous_9)
FNDA:0,(anonymous_10)
DA:1,1
DA:2,1
DA:3,1
DA:4,1
DA:5,1
DA:14,1
DA:15,0
DA:18,0
DA:19,0
DA:27,0
DA:30,0
DA:38,0
DA:40,0
DA:46,0
DA:60,0
DA:67,0
DA:81,0
DA:83,0
DA:105,0
DA:121,0
DA:130,0
LF:21
LH:6
BRDA:55,0,0,0
BRDA:55,0,1,0
BRDA:55,1,0,0
BRDA:55,1,1,0
BRDA:18,2,0,0
BRDA:18,2,1,1
BRDA:18,3,0,1
BRDA:18,3,1,0
BRDA:18,4,0,1
BRDA:18,4,1,0
BRDA:18,5,0,1
BRDA:18,5,1,1
BRF:12
BRH:5
end_of_record
